<?xml version="1.0" encoding="UTF-8"?>
<!-- Generated by org.testng.reporters.JUnitXMLReporter -->
<testsuite hostname="DESKTOP-GEOPS5P" name="Test" tests="1" failures="0" timestamp="1 Nov 2022 20:29:36 GMT" time="5.359" errors="0">
  <testcase name="@BeforeTest setup" time="0.0" classname="orangehrm_Test.Login_Text">
    <failure type="org.openqa.selenium.SessionNotCreatedException" message="session not created: This version of ChromeDriver only supports Chrome version 105
Current browser version is 107.0.5304.88 with binary path C:\Program Files\Google\Chrome\Application\chrome.exe
Build info: version: &amp;apos;3.11.0&amp;apos;, revision: &amp;apos;e59cfb3&amp;apos;, time: &amp;apos;2018-03-11T20:26:55.152Z&amp;apos;
System info: host: &amp;apos;DESKTOP-GEOPS5P&amp;apos;, ip: &amp;apos;192.168.1.41&amp;apos;, os.name: &amp;apos;Windows 10&amp;apos;, os.arch: &amp;apos;amd64&amp;apos;, os.version: &amp;apos;10.0&amp;apos;, java.version: &amp;apos;1.8.0_211&amp;apos;
Driver info: driver.version: ChromeDriver
remote stacktrace: Backtrace:
	Ordinal0 [0x0062C0A3+2212003]
	Ordinal0 [0x005C2CC1+1780929]
	Ordinal0 [0x004D465D+804445]
	Ordinal0 [0x004F68EC+944364]
	Ordinal0 [0x004F1E30+925232]
	Ordinal0 [0x004EF5B9+914873]
	Ordinal0 [0x00523AD9+1129177]
	Ordinal0 [0x0052373A+1128250]
	Ordinal0 [0x0051EA36+1108534]
	Ordinal0 [0x004F83C9+951241]
	Ordinal0 [0x004F9396+955286]
	GetHandleVerifier [0x008D9CE2+2746722]
	GetHandleVerifier [0x008CA234+2682548]
	GetHandleVerifier [0x006BB34A+524234]
	GetHandleVerifier [0x006B9B60+518112]
	Ordinal0 [0x005C9FBC+1810364]
	Ordinal0 [0x005CEA28+1829416]
	Ordinal0 [0x005CEB15+1829653]
	Ordinal0 [0x005D8744+1869636]
	BaseThreadInitThunk [0x7677FA29+25]
	RtlGetAppContainerNamedObjectPath [0x77847A9E+286]
	RtlGetAppContainerNamedObjectPath [0x77847A6E+238]
">
      <![CDATA[org.openqa.selenium.SessionNotCreatedException: session not created: This version of ChromeDriver only supports Chrome version 105
Current browser version is 107.0.5304.88 with binary path C:\Program Files\Google\Chrome\Application\chrome.exe
Build info: version: '3.11.0', revision: 'e59cfb3', time: '2018-03-11T20:26:55.152Z'
System info: host: 'DESKTOP-GEOPS5P', ip: '192.168.1.41', os.name: 'Windows 10', os.arch: 'amd64', os.version: '10.0', java.version: '1.8.0_211'
Driver info: driver.version: ChromeDriver
remote stacktrace: Backtrace:
	Ordinal0 [0x0062C0A3+2212003]
	Ordinal0 [0x005C2CC1+1780929]
	Ordinal0 [0x004D465D+804445]
	Ordinal0 [0x004F68EC+944364]
	Ordinal0 [0x004F1E30+925232]
	Ordinal0 [0x004EF5B9+914873]
	Ordinal0 [0x00523AD9+1129177]
	Ordinal0 [0x0052373A+1128250]
	Ordinal0 [0x0051EA36+1108534]
	Ordinal0 [0x004F83C9+951241]
	Ordinal0 [0x004F9396+955286]
	GetHandleVerifier [0x008D9CE2+2746722]
	GetHandleVerifier [0x008CA234+2682548]
	GetHandleVerifier [0x006BB34A+524234]
	GetHandleVerifier [0x006B9B60+518112]
	Ordinal0 [0x005C9FBC+1810364]
	Ordinal0 [0x005CEA28+1829416]
	Ordinal0 [0x005CEB15+1829653]
	Ordinal0 [0x005D8744+1869636]
	BaseThreadInitThunk [0x7677FA29+25]
	RtlGetAppContainerNamedObjectPath [0x77847A9E+286]
	RtlGetAppContainerNamedObjectPath [0x77847A6E+238]

	at org.openqa.selenium.remote.W3CHandshakeResponse.lambda$new$0(W3CHandshakeResponse.java:57)
	at org.openqa.selenium.remote.W3CHandshakeResponse.lambda$getResponseFunction$2(W3CHandshakeResponse.java:104)
	at org.openqa.selenium.remote.ProtocolHandshake.lambda$createSession$0(ProtocolHandshake.java:123)
	at java.util.stream.ReferencePipeline$3$1.accept(Unknown Source)
	at java.util.Spliterators$ArraySpliterator.tryAdvance(Unknown Source)
	at java.util.stream.ReferencePipeline.forEachWithCancel(Unknown Source)
	at java.util.stream.AbstractPipeline.copyIntoWithCancel(Unknown Source)
	at java.util.stream.AbstractPipeline.copyInto(Unknown Source)
	at java.util.stream.AbstractPipeline.wrapAndCopyInto(Unknown Source)
	at java.util.stream.FindOps$FindOp.evaluateSequential(Unknown Source)
	at java.util.stream.AbstractPipeline.evaluate(Unknown Source)
	at java.util.stream.ReferencePipeline.findFirst(Unknown Source)
	at org.openqa.selenium.remote.ProtocolHandshake.createSession(ProtocolHandshake.java:126)
	at org.openqa.selenium.remote.ProtocolHandshake.createSession(ProtocolHandshake.java:73)
	at org.openqa.selenium.remote.HttpCommandExecutor.execute(HttpCommandExecutor.java:136)
	at org.openqa.selenium.remote.service.DriverCommandExecutor.execute(DriverCommandExecutor.java:83)
	at org.openqa.selenium.remote.RemoteWebDriver.execute(RemoteWebDriver.java:545)
	at org.openqa.selenium.remote.RemoteWebDriver.startSession(RemoteWebDriver.java:209)
	at org.openqa.selenium.remote.RemoteWebDriver.<init>(RemoteWebDriver.java:132)
	at org.openqa.selenium.chrome.ChromeDriver.<init>(ChromeDriver.java:181)
	at org.openqa.selenium.chrome.ChromeDriver.<init>(ChromeDriver.java:168)
	at org.openqa.selenium.chrome.ChromeDriver.<init>(ChromeDriver.java:123)
	at orangeHRM.OHRM_LoginTest.setup(OHRM_LoginTest.java:21)
... Removed 26 stack frames]]>
    </failure>
  </testcase> <!-- @BeforeTest setup -->
  <testcase name="@AfterTest tearDown" time="0.0" classname="orangehrm_Test.Login_Text">
    <skipped/>
  </testcase> <!-- @AfterTest tearDown -->
  <testcase name="OHRM_logInTest" time="0.015" classname="orangehrm_Test.Login_Text">
    <skipped/>
  </testcase> <!-- OHRM_logInTest -->
</testsuite> <!-- Test -->
