<?xml version="1.0" encoding="UTF-8"?>
<!-- Generated by org.testng.reporters.JUnitReportReporter -->
<testsuite hostname="DESKTOP-GEOPS5P" name="OHRMApplicationTesting.OHRM_LogInTest" tests="1" failures="0" timestamp="2 Nov 2022 17:39:01 GMT" time="0.001" errors="1">
  <testcase name="login" time="0.001" classname="OHRMApplicationTesting.OHRM_LogInTest">
    <error type="org.openqa.selenium.SessionNotCreatedException" message="session not created: This version of Microsoft Edge WebDriver only supports Microsoft Edge version 105
Current browser version is 107.0.1418.26 with binary path C:\Program Files (x86)\Microsoft\Edge\Application\msedge.exe
Build info: version: &#039;3.141.59&#039;, revision: &#039;e82be7d358&#039;, time: &#039;2018-11-14T08:25:53&#039;
System info: host: &#039;DESKTOP-GEOPS5P&#039;, ip: &#039;192.168.1.42&#039;, os.name: &#039;Windows 10&#039;, os.arch: &#039;amd64&#039;, os.version: &#039;10.0&#039;, java.version: &#039;1.8.0_211&#039;
Driver info: driver.version: EdgeDriver
remote stacktrace: Backtrace:
	Microsoft::Applications::Events::EventProperties::SetProperty [0x00007FF64F6A2352+17554]
	Microsoft::Applications::Events::EventProperty::EventProperty [0x00007FF64F63ECA2+1438690]
	Ordinal0 [0x00007FF64F269345+627525]
	Ordinal0 [0x00007FF64F2973D4+816084]
	Ordinal0 [0x00007FF64F2928B3+796851]
	Ordinal0 [0x00007FF64F28D9F0+776688]
	Ordinal0 [0x00007FF64F2C969F+1021599]
	Ordinal0 [0x00007FF64F2C3A43+997955]
	Ordinal0 [0x00007FF64F2994C0+824512]
	Ordinal0 [0x00007FF64F29A9F8+829944]
	Microsoft::Applications::Events::EventProperty::EventProperty [0x00007FF64F500588+134344]
	Microsoft::Applications::Events::EventProperty::EventProperty [0x00007FF64F4E9EB5+42485]
	Microsoft::Applications::Events::EventProperty::EventProperty [0x00007FF64F4ECF9C+55004]
	Ordinal0 [0x00007FF64F352E94+1584788]
	Microsoft::Applications::Events::EventProperty::EventProperty [0x00007FF64F6443EB+1461035]
	Microsoft::Applications::Events::EventProperty::EventProperty [0x00007FF64F6483B4+1477364]
	Microsoft::Applications::Events::EventProperty::EventProperty [0x00007FF64F64850D+1477709]
	Microsoft::Applications::Events::EventProperty::EventProperty [0x00007FF64F6504D9+1510425]
	BaseThreadInitThunk [0x00007FF8417E7034+20]
	RtlUserThreadStart [0x00007FF843542651+33]
">
      <![CDATA[org.openqa.selenium.SessionNotCreatedException: session not created: This version of Microsoft Edge WebDriver only supports Microsoft Edge version 105
Current browser version is 107.0.1418.26 with binary path C:\Program Files (x86)\Microsoft\Edge\Application\msedge.exe
Build info: version: '3.141.59', revision: 'e82be7d358', time: '2018-11-14T08:25:53'
System info: host: 'DESKTOP-GEOPS5P', ip: '192.168.1.42', os.name: 'Windows 10', os.arch: 'amd64', os.version: '10.0', java.version: '1.8.0_211'
Driver info: driver.version: EdgeDriver
remote stacktrace: Backtrace:
	Microsoft::Applications::Events::EventProperties::SetProperty [0x00007FF64F6A2352+17554]
	Microsoft::Applications::Events::EventProperty::EventProperty [0x00007FF64F63ECA2+1438690]
	Ordinal0 [0x00007FF64F269345+627525]
	Ordinal0 [0x00007FF64F2973D4+816084]
	Ordinal0 [0x00007FF64F2928B3+796851]
	Ordinal0 [0x00007FF64F28D9F0+776688]
	Ordinal0 [0x00007FF64F2C969F+1021599]
	Ordinal0 [0x00007FF64F2C3A43+997955]
	Ordinal0 [0x00007FF64F2994C0+824512]
	Ordinal0 [0x00007FF64F29A9F8+829944]
	Microsoft::Applications::Events::EventProperty::EventProperty [0x00007FF64F500588+134344]
	Microsoft::Applications::Events::EventProperty::EventProperty [0x00007FF64F4E9EB5+42485]
	Microsoft::Applications::Events::EventProperty::EventProperty [0x00007FF64F4ECF9C+55004]
	Ordinal0 [0x00007FF64F352E94+1584788]
	Microsoft::Applications::Events::EventProperty::EventProperty [0x00007FF64F6443EB+1461035]
	Microsoft::Applications::Events::EventProperty::EventProperty [0x00007FF64F6483B4+1477364]
	Microsoft::Applications::Events::EventProperty::EventProperty [0x00007FF64F64850D+1477709]
	Microsoft::Applications::Events::EventProperty::EventProperty [0x00007FF64F6504D9+1510425]
	BaseThreadInitThunk [0x00007FF8417E7034+20]
	RtlUserThreadStart [0x00007FF843542651+33]

	at sun.reflect.NativeConstructorAccessorImpl.newInstance0(Native Method)
	at sun.reflect.NativeConstructorAccessorImpl.newInstance(Unknown Source)
	at sun.reflect.DelegatingConstructorAccessorImpl.newInstance(Unknown Source)
	at java.lang.reflect.Constructor.newInstance(Unknown Source)
	at org.openqa.selenium.remote.W3CHandshakeResponse.lambda$errorHandler$0(W3CHandshakeResponse.java:62)
	at org.openqa.selenium.remote.HandshakeResponse.lambda$getResponseFunction$0(HandshakeResponse.java:30)
	at org.openqa.selenium.remote.ProtocolHandshake.lambda$createSession$0(ProtocolHandshake.java:126)
	at java.util.stream.ReferencePipeline$3$1.accept(Unknown Source)
	at java.util.Spliterators$ArraySpliterator.tryAdvance(Unknown Source)
	at java.util.stream.ReferencePipeline.forEachWithCancel(Unknown Source)
	at java.util.stream.AbstractPipeline.copyIntoWithCancel(Unknown Source)
	at java.util.stream.AbstractPipeline.copyInto(Unknown Source)
	at java.util.stream.AbstractPipeline.wrapAndCopyInto(Unknown Source)
	at java.util.stream.FindOps$FindOp.evaluateSequential(Unknown Source)
	at java.util.stream.AbstractPipeline.evaluate(Unknown Source)
	at java.util.stream.ReferencePipeline.findFirst(Unknown Source)
	at org.openqa.selenium.remote.ProtocolHandshake.createSession(ProtocolHandshake.java:128)
	at org.openqa.selenium.remote.ProtocolHandshake.createSession(ProtocolHandshake.java:74)
	at org.openqa.selenium.remote.HttpCommandExecutor.execute(HttpCommandExecutor.java:136)
	at org.openqa.selenium.remote.service.DriverCommandExecutor.execute(DriverCommandExecutor.java:83)
	at org.openqa.selenium.remote.RemoteWebDriver.execute(RemoteWebDriver.java:552)
	at org.openqa.selenium.remote.RemoteWebDriver.startSession(RemoteWebDriver.java:213)
	at org.openqa.selenium.remote.RemoteWebDriver.<init>(RemoteWebDriver.java:131)
	at org.openqa.selenium.edge.EdgeDriver.<init>(EdgeDriver.java:141)
	at org.openqa.selenium.edge.EdgeDriver.<init>(EdgeDriver.java:96)
	at OHRMApplicationTesting.OHRM_LogInTest.setup(OHRM_LogInTest.java:31)
	at sun.reflect.NativeMethodAccessorImpl.invoke0(Native Method)
	at sun.reflect.NativeMethodAccessorImpl.invoke(Unknown Source)
	at sun.reflect.DelegatingMethodAccessorImpl.invoke(Unknown Source)
	at java.lang.reflect.Method.invoke(Unknown Source)
	at org.testng.internal.MethodInvocationHelper.invokeMethod(MethodInvocationHelper.java:86)
	at org.testng.internal.Invoker.invokeConfigurationMethod(Invoker.java:514)
	at org.testng.internal.Invoker.invokeConfigurations(Invoker.java:215)
	at org.testng.internal.Invoker.invokeConfigurations(Invoker.java:142)
	at org.testng.TestRunner.beforeRun(TestRunner.java:656)
	at org.testng.TestRunner.run(TestRunner.java:624)
	at org.testng.SuiteRunner.runTest(SuiteRunner.java:366)
	at org.testng.SuiteRunner.runSequentially(SuiteRunner.java:361)
	at org.testng.SuiteRunner.privateRun(SuiteRunner.java:319)
	at org.testng.SuiteRunner.run(SuiteRunner.java:268)
	at org.testng.SuiteRunnerWorker.runSuite(SuiteRunnerWorker.java:52)
	at org.testng.SuiteRunnerWorker.run(SuiteRunnerWorker.java:86)
	at org.testng.TestNG.runSuitesSequentially(TestNG.java:1244)
	at org.testng.TestNG.runSuitesLocally(TestNG.java:1169)
	at org.testng.TestNG.run(TestNG.java:1064)
	at org.testng.remote.RemoteTestNG.run(RemoteTestNG.java:113)
	at org.testng.remote.RemoteTestNG.initAndRun(RemoteTestNG.java:206)
	at org.testng.remote.RemoteTestNG.main(RemoteTestNG.java:177)
]]>
    </error>
  </testcase> <!-- login -->
</testsuite> <!-- OHRMApplicationTesting.OHRM_LogInTest -->
